<?xml version="1.0" encoding="UTF-8"?>
<!-- Generated by org.testng.reporters.JUnitXMLReporter -->
<testsuite hostname="Akshit" ignored="0" name="Test" tests="4" failures="0" timestamp="2020-06-21T14:35:32 IST" time="224.333" errors="0">
  <testcase name="ValidateTitl" time="0.66" classname="Academy.ValidateTitle"/>
  <testcase name="basepagenavigation" time="86.693" classname="Academy.Homepage"/>
  <testcase name="basepagenavigation" time="84.918" classname="Academy.Homepage"/>
  <testcase name="ValNavigationBar" time="2.344" classname="Academy.ValidateNavigationBar"/>
</testsuite> <!-- Test -->
