<?xml version="1.0" encoding="UTF-8"?>
<!-- Generated by org.testng.reporters.JUnitXMLReporter -->
<testsuite hostname="Akshit" ignored="0" name="Validating Title of the page" tests="1" failures="1" timestamp="2020-06-23T17:38:42 IST" time="69.097" errors="0">
  <testcase name="ValidateTitl" time="0.836" classname="Academy.ValidateTitle">
    <failure type="java.lang.AssertionError" message="expected [FEATURED COURSES1235] but found [FEATURED COURSES]">
      <![CDATA[java.lang.AssertionError: expected [FEATURED COURSES1235] but found [FEATURED COURSES]
at Academy.ValidateTitle.ValidateTitl(ValidateTitle.java:32)
at java.util.ArrayList.forEach(ArrayList.java:1257)
... Removed 36 stack frames]]>
    </failure>
  </testcase> <!-- ValidateTitl -->
</testsuite> <!-- Validating Title of the page -->
